[0.023s] Invoking command in '/home/jasper/atwork_bridge_msgs/atwork_bridge_msgs_ros1/build/atwork_commander_msgs': /usr/bin/cmake /home/jasper/atwork_bridge_msgs/atwork_bridge_msgs_ros1 -DCMAKE_BUILD_TYPE=Release -DCATKIN_INSTALL_INTO_PREFIX_ROOT=0 -DCMAKE_INSTALL_PREFIX=/home/jasper/atwork_bridge_msgs/atwork_bridge_msgs_ros1/install/atwork_commander_msgs
[0.068s] [31mCMake Error at CMakeLists.txt:13 (find_package):
[0.068s]   By not providing "Findcatkin.cmake" in CMAKE_MODULE_PATH this project has
[0.068s]   asked CMake to find a package configuration file provided by "catkin", but
[0.069s]   CMake did not find one.
[0.069s] 
[0.069s]   Could not find a package configuration file provided by "catkin" with any
[0.069s]   of the following names:
[0.069s] 
[0.069s]     catkinConfig.cmake
[0.069s]     catkin-config.cmake
[0.069s] 
[0.069s]   Add the installation prefix of "catkin" to CMAKE_PREFIX_PATH or set
[0.069s]   "catkin_DIR" to a directory containing one of the above files.  If "catkin"
[0.069s]   provides a separate development package or SDK, be sure it has been
[0.069s]   installed.
[0.069s] 
[0.069s] [0m
[0.069s] -- Configuring incomplete, errors occurred!
[0.070s] See also "/home/jasper/atwork_bridge_msgs/atwork_bridge_msgs_ros1/build/atwork_commander_msgs/CMakeFiles/CMakeOutput.log".
[0.071s] Invoked command in '/home/jasper/atwork_bridge_msgs/atwork_bridge_msgs_ros1/build/atwork_commander_msgs' returned '1': /usr/bin/cmake /home/jasper/atwork_bridge_msgs/atwork_bridge_msgs_ros1 -DCMAKE_BUILD_TYPE=Release -DCATKIN_INSTALL_INTO_PREFIX_ROOT=0 -DCMAKE_INSTALL_PREFIX=/home/jasper/atwork_bridge_msgs/atwork_bridge_msgs_ros1/install/atwork_commander_msgs
