[0.021s] Invoking command in '/home/jasper/atwork_bridge_msgs/atwork_bridge_msgs_ros1/build/atwork_commander_msgs': /usr/bin/cmake /home/jasper/atwork_bridge_msgs/atwork_bridge_msgs_ros1 -DCMAKE_BUILD_TYPE=Release -DCATKIN_INSTALL_INTO_PREFIX_ROOT=0 -DCMAKE_INSTALL_PREFIX=/home/jasper/atwork_bridge_msgs/atwork_bridge_msgs_ros1/install/atwork_commander_msgs
[0.041s] [0mCMake Deprecation Warning at CMakeLists.txt:1 (cmake_minimum_required):
[0.041s]   Compatibility with CMake < 2.8.12 will be removed from a future version of
[0.041s]   CMake.
[0.041s] 
[0.041s]   Update the VERSION argument <min> value or use a ...<max> suffix to tell
[0.041s]   CMake that the project does not need compatibility with older versions.
[0.041s] 
[0.041s] [0m
[0.130s] -- The C compiler identification is GNU 11.4.0
[0.206s] -- The CXX compiler identification is GNU 11.4.0
[0.217s] -- Detecting C compiler ABI info
[0.334s] -- Detecting C compiler ABI info - done
[0.343s] -- Check for working C compiler: /usr/bin/cc - skipped
[0.348s] -- Detecting C compile features
[0.350s] -- Detecting C compile features - done
[0.365s] -- Detecting CXX compiler ABI info
[0.506s] -- Detecting CXX compiler ABI info - done
[0.515s] -- Check for working CXX compiler: /usr/bin/c++ - skipped
[0.515s] -- Detecting CXX compile features
[0.516s] -- Detecting CXX compile features - done
[0.546s] [31mCMake Error at CMakeLists.txt:10 (find_package):
[0.547s]   By not providing "Findcatkin.cmake" in CMAKE_MODULE_PATH this project has
[0.547s]   asked CMake to find a package configuration file provided by "catkin", but
[0.547s]   CMake did not find one.
[0.547s] 
[0.547s]   Could not find a package configuration file provided by "catkin" with any
[0.547s]   of the following names:
[0.547s] 
[0.547s]     catkinConfig.cmake
[0.547s]     catkin-config.cmake
[0.547s] 
[0.547s]   Add the installation prefix of "catkin" to CMAKE_PREFIX_PATH or set
[0.547s]   "catkin_DIR" to a directory containing one of the above files.  If "catkin"
[0.547s]   provides a separate development package or SDK, be sure it has been
[0.547s]   installed.
[0.547s] 
[0.548s] [0m
[0.548s] -- Configuring incomplete, errors occurred!
[0.548s] See also "/home/jasper/atwork_bridge_msgs/atwork_bridge_msgs_ros1/build/atwork_commander_msgs/CMakeFiles/CMakeOutput.log".
[0.550s] Invoked command in '/home/jasper/atwork_bridge_msgs/atwork_bridge_msgs_ros1/build/atwork_commander_msgs' returned '1': /usr/bin/cmake /home/jasper/atwork_bridge_msgs/atwork_bridge_msgs_ros1 -DCMAKE_BUILD_TYPE=Release -DCATKIN_INSTALL_INTO_PREFIX_ROOT=0 -DCMAKE_INSTALL_PREFIX=/home/jasper/atwork_bridge_msgs/atwork_bridge_msgs_ros1/install/atwork_commander_msgs
