[0.140s] DEBUG:colcon:Command line arguments: ['/usr/bin/colcon', 'build', '--cmake-args', '-DCMAKE_BUILD_TYPE=Release']
[0.140s] DEBUG:colcon:Parsed command line arguments: Namespace(log_base=None, log_level=None, verb_name='build', build_base='build', install_base='install', merge_install=False, symlink_install=False, test_result_base=None, continue_on_error=False, executor='parallel', parallel_workers=8, event_handlers=None, ignore_user_meta=False, metas=['./colcon.meta'], base_paths=['.'], packages_ignore=None, packages_ignore_regex=None, paths=None, packages_up_to=None, packages_up_to_regex=None, packages_above=None, packages_above_and_dependencies=None, packages_above_depth=None, packages_select_by_dep=None, packages_skip_by_dep=None, packages_skip_up_to=None, packages_select_build_failed=False, packages_skip_build_finished=False, packages_select_test_failures=False, packages_skip_test_passed=False, packages_select=None, packages_skip=None, packages_select_regex=None, packages_skip_regex=None, packages_start=None, packages_end=None, allow_overriding=[], cmake_args=['-DCMAKE_BUILD_TYPE=Release'], cmake_target=None, cmake_target_skip_unavailable=False, cmake_clean_cache=False, cmake_clean_first=False, cmake_force_configure=False, ament_cmake_args=None, catkin_cmake_args=None, catkin_skip_building_tests=False, mixin_files=None, mixin=None, verb_parser=<colcon_mixin.mixin.mixin_argument.MixinArgumentDecorator object at 0x74cb3296eef0>, verb_extension=<colcon_core.verb.build.BuildVerb object at 0x74cb3296e980>, main=<bound method BuildVerb.main of <colcon_core.verb.build.BuildVerb object at 0x74cb3296e980>>, mixin_verb=('build',))
[0.387s] Level 1:colcon.colcon_core.package_discovery:discover_packages(colcon_meta) check parameters
[0.387s] Level 1:colcon.colcon_core.package_discovery:discover_packages(recursive) check parameters
[0.388s] Level 1:colcon.colcon_core.package_discovery:discover_packages(ignore) check parameters
[0.388s] Level 1:colcon.colcon_core.package_discovery:discover_packages(path) check parameters
[0.388s] Level 1:colcon.colcon_core.package_discovery:discover_packages(colcon_meta) discover
[0.388s] Level 1:colcon.colcon_core.package_discovery:discover_packages(recursive) discover
[0.388s] INFO:colcon.colcon_core.package_discovery:Crawling recursively for packages in '/home/jasper/atwork_bridge_msgs/atwork_bridge_msgs_ros1'
[0.388s] Level 1:colcon.colcon_core.package_identification:_identify(.) by extensions ['ignore', 'ignore_ament_install']
[0.388s] Level 1:colcon.colcon_core.package_identification:_identify(.) by extension 'ignore'
[0.388s] Level 1:colcon.colcon_core.package_identification:_identify(.) by extension 'ignore_ament_install'
[0.388s] Level 1:colcon.colcon_core.package_identification:_identify(.) by extensions ['colcon_pkg']
[0.388s] Level 1:colcon.colcon_core.package_identification:_identify(.) by extension 'colcon_pkg'
[0.388s] Level 1:colcon.colcon_core.package_identification:_identify(.) by extensions ['colcon_meta']
[0.388s] Level 1:colcon.colcon_core.package_identification:_identify(.) by extension 'colcon_meta'
[0.388s] Level 1:colcon.colcon_core.package_identification:_identify(.) by extensions ['ros']
[0.388s] Level 1:colcon.colcon_core.package_identification:_identify(.) by extension 'ros'
[0.411s] DEBUG:colcon.colcon_core.package_identification:Package '.' with type 'ros.catkin' and name 'atwork_commander_msgs'
[0.411s] Level 1:colcon.colcon_core.package_discovery:discover_packages(recursive) using defaults
[0.411s] Level 1:colcon.colcon_core.package_discovery:discover_packages(ignore) discover
[0.411s] Level 1:colcon.colcon_core.package_discovery:discover_packages(ignore) using defaults
[0.411s] Level 1:colcon.colcon_core.package_discovery:discover_packages(path) discover
[0.411s] Level 1:colcon.colcon_core.package_discovery:discover_packages(path) using defaults
[0.433s] Level 1:colcon.colcon_core.package_discovery:discover_packages(prefix_path) check parameters
[0.433s] Level 1:colcon.colcon_core.package_discovery:discover_packages(prefix_path) discover
[0.439s] DEBUG:colcon.colcon_installed_package_information.package_discovery:Found 13 installed packages in /home/jasper/wheeltec_ws/install
[0.441s] DEBUG:colcon.colcon_installed_package_information.package_discovery:Found 27 installed packages in /home/jasper/patrobot/install
[0.442s] DEBUG:colcon.colcon_installed_package_information.package_discovery:Found 1 installed packages in /home/jasper/unilidar_sdk/unitree_lidar_ros2/install
[0.443s] DEBUG:colcon.colcon_installed_package_information.package_discovery:Found 55 installed packages in /home/jasper/ws_moveit2/install
[0.444s] DEBUG:colcon.colcon_installed_package_information.package_discovery:Found 1 installed packages in /home/jasper/ros-humble-ros1-bridge/install
[0.446s] DEBUG:colcon.colcon_installed_package_information.package_discovery:Found 461 installed packages in /opt/ros/humble
[0.448s] Level 1:colcon.colcon_core.package_discovery:discover_packages(prefix_path) using defaults
[0.513s] Level 5:colcon.colcon_core.verb:set package 'atwork_commander_msgs' build argument 'cmake_args' from command line to '['-DCMAKE_BUILD_TYPE=Release']'
[0.513s] Level 5:colcon.colcon_core.verb:set package 'atwork_commander_msgs' build argument 'cmake_target' from command line to 'None'
[0.513s] Level 5:colcon.colcon_core.verb:set package 'atwork_commander_msgs' build argument 'cmake_target_skip_unavailable' from command line to 'False'
[0.513s] Level 5:colcon.colcon_core.verb:set package 'atwork_commander_msgs' build argument 'cmake_clean_cache' from command line to 'False'
[0.513s] Level 5:colcon.colcon_core.verb:set package 'atwork_commander_msgs' build argument 'cmake_clean_first' from command line to 'False'
[0.514s] Level 5:colcon.colcon_core.verb:set package 'atwork_commander_msgs' build argument 'cmake_force_configure' from command line to 'False'
[0.514s] Level 5:colcon.colcon_core.verb:set package 'atwork_commander_msgs' build argument 'ament_cmake_args' from command line to 'None'
[0.514s] Level 5:colcon.colcon_core.verb:set package 'atwork_commander_msgs' build argument 'catkin_cmake_args' from command line to 'None'
[0.514s] Level 5:colcon.colcon_core.verb:set package 'atwork_commander_msgs' build argument 'catkin_skip_building_tests' from command line to 'False'
[0.514s] DEBUG:colcon.colcon_core.verb:Building package 'atwork_commander_msgs' with the following arguments: {'ament_cmake_args': None, 'build_base': '/home/jasper/atwork_bridge_msgs/atwork_bridge_msgs_ros1/build/atwork_commander_msgs', 'catkin_cmake_args': None, 'catkin_skip_building_tests': False, 'cmake_args': ['-DCMAKE_BUILD_TYPE=Release'], 'cmake_clean_cache': False, 'cmake_clean_first': False, 'cmake_force_configure': False, 'cmake_target': None, 'cmake_target_skip_unavailable': False, 'install_base': '/home/jasper/atwork_bridge_msgs/atwork_bridge_msgs_ros1/install/atwork_commander_msgs', 'merge_install': False, 'path': '/home/jasper/atwork_bridge_msgs/atwork_bridge_msgs_ros1', 'symlink_install': False, 'test_result_base': None}
[0.514s] INFO:colcon.colcon_core.executor:Executing jobs using 'parallel' executor
[0.515s] DEBUG:colcon.colcon_parallel_executor.executor.parallel:run_until_complete
[0.515s] INFO:colcon.colcon_ros.task.catkin.build:Building ROS package in '/home/jasper/atwork_bridge_msgs/atwork_bridge_msgs_ros1' with build type 'catkin'
[0.515s] INFO:colcon.colcon_cmake.task.cmake.build:Building CMake package in '/home/jasper/atwork_bridge_msgs/atwork_bridge_msgs_ros1'
[0.518s] INFO:colcon.colcon_core.plugin_system:Skipping extension 'colcon_core.shell.bat': Not used on non-Windows systems
[0.518s] INFO:colcon.colcon_core.shell:Skip shell extension 'powershell' for command environment: Not usable outside of PowerShell
[0.518s] DEBUG:colcon.colcon_core.shell:Skip shell extension 'dsv' for command environment
[0.537s] DEBUG:colcon.colcon_core.event_handler.log_command:Invoking command in '/home/jasper/atwork_bridge_msgs/atwork_bridge_msgs_ros1/build/atwork_commander_msgs': /usr/bin/cmake /home/jasper/atwork_bridge_msgs/atwork_bridge_msgs_ros1 -DCMAKE_BUILD_TYPE=Release -DCATKIN_INSTALL_INTO_PREFIX_ROOT=0 -DCMAKE_INSTALL_PREFIX=/home/jasper/atwork_bridge_msgs/atwork_bridge_msgs_ros1/install/atwork_commander_msgs
[1.066s] DEBUG:colcon.colcon_core.event_handler.log_command:Invoked command in '/home/jasper/atwork_bridge_msgs/atwork_bridge_msgs_ros1/build/atwork_commander_msgs' returned '1': /usr/bin/cmake /home/jasper/atwork_bridge_msgs/atwork_bridge_msgs_ros1 -DCMAKE_BUILD_TYPE=Release -DCATKIN_INSTALL_INTO_PREFIX_ROOT=0 -DCMAKE_INSTALL_PREFIX=/home/jasper/atwork_bridge_msgs/atwork_bridge_msgs_ros1/install/atwork_commander_msgs
[1.087s] Level 1:colcon.colcon_core.environment:create_environment_scripts_only(atwork_commander_msgs)
[1.089s] Level 1:colcon.colcon_core.environment:checking '/home/jasper/atwork_bridge_msgs/atwork_bridge_msgs_ros1/install/atwork_commander_msgs' for CMake module files
[1.090s] Level 1:colcon.colcon_core.environment:checking '/home/jasper/atwork_bridge_msgs/atwork_bridge_msgs_ros1/install/atwork_commander_msgs' for CMake config files
[1.090s] Level 1:colcon.colcon_core.environment:checking '/home/jasper/atwork_bridge_msgs/atwork_bridge_msgs_ros1/install/atwork_commander_msgs/bin'
[1.090s] Level 1:colcon.colcon_core.environment:checking '/home/jasper/atwork_bridge_msgs/atwork_bridge_msgs_ros1/install/atwork_commander_msgs/lib/pkgconfig/atwork_commander_msgs.pc'
[1.090s] Level 1:colcon.colcon_core.environment:checking '/home/jasper/atwork_bridge_msgs/atwork_bridge_msgs_ros1/install/atwork_commander_msgs/lib/python3.10/site-packages'
[1.090s] Level 1:colcon.colcon_core.environment:checking '/home/jasper/atwork_bridge_msgs/atwork_bridge_msgs_ros1/install/atwork_commander_msgs/bin'
[1.091s] INFO:colcon.colcon_core.shell:Creating package script '/home/jasper/atwork_bridge_msgs/atwork_bridge_msgs_ros1/install/atwork_commander_msgs/share/atwork_commander_msgs/package.ps1'
[1.091s] INFO:colcon.colcon_core.shell:Creating package descriptor '/home/jasper/atwork_bridge_msgs/atwork_bridge_msgs_ros1/install/atwork_commander_msgs/share/atwork_commander_msgs/package.dsv'
[1.092s] INFO:colcon.colcon_core.shell:Creating package script '/home/jasper/atwork_bridge_msgs/atwork_bridge_msgs_ros1/install/atwork_commander_msgs/share/atwork_commander_msgs/package.sh'
[1.092s] INFO:colcon.colcon_core.shell:Creating package script '/home/jasper/atwork_bridge_msgs/atwork_bridge_msgs_ros1/install/atwork_commander_msgs/share/atwork_commander_msgs/package.bash'
[1.093s] INFO:colcon.colcon_core.shell:Creating package script '/home/jasper/atwork_bridge_msgs/atwork_bridge_msgs_ros1/install/atwork_commander_msgs/share/atwork_commander_msgs/package.zsh'
[1.094s] Level 1:colcon.colcon_core.environment:create_file_with_runtime_dependencies(/home/jasper/atwork_bridge_msgs/atwork_bridge_msgs_ros1/install/atwork_commander_msgs/share/colcon-core/packages/atwork_commander_msgs)
[1.104s] DEBUG:colcon.colcon_parallel_executor.executor.parallel:closing loop
[1.104s] DEBUG:colcon.colcon_parallel_executor.executor.parallel:loop closed
[1.104s] DEBUG:colcon.colcon_parallel_executor.executor.parallel:run_until_complete finished with '1'
[1.105s] DEBUG:colcon.colcon_core.event_reactor:joining thread
[1.113s] INFO:colcon.colcon_core.plugin_system:Skipping extension 'colcon_notification.desktop_notification.terminal_notifier': Not used on non-Darwin systems
[1.113s] INFO:colcon.colcon_core.plugin_system:Skipping extension 'colcon_notification.desktop_notification.win32': Not used on non-Windows systems
[1.113s] INFO:colcon.colcon_notification.desktop_notification:Sending desktop notification using 'notify2'
[1.129s] DEBUG:colcon.colcon_core.event_reactor:joined thread
[1.129s] INFO:colcon.colcon_core.shell:Creating prefix script '/home/jasper/atwork_bridge_msgs/atwork_bridge_msgs_ros1/install/local_setup.ps1'
[1.131s] INFO:colcon.colcon_core.shell:Creating prefix util module '/home/jasper/atwork_bridge_msgs/atwork_bridge_msgs_ros1/install/_local_setup_util_ps1.py'
[1.133s] INFO:colcon.colcon_core.shell:Creating prefix chain script '/home/jasper/atwork_bridge_msgs/atwork_bridge_msgs_ros1/install/setup.ps1'
[1.144s] INFO:colcon.colcon_core.shell:Creating prefix script '/home/jasper/atwork_bridge_msgs/atwork_bridge_msgs_ros1/install/local_setup.sh'
[1.145s] INFO:colcon.colcon_core.shell:Creating prefix util module '/home/jasper/atwork_bridge_msgs/atwork_bridge_msgs_ros1/install/_local_setup_util_sh.py'
[1.145s] INFO:colcon.colcon_core.shell:Creating prefix chain script '/home/jasper/atwork_bridge_msgs/atwork_bridge_msgs_ros1/install/setup.sh'
[1.154s] INFO:colcon.colcon_core.shell:Creating prefix script '/home/jasper/atwork_bridge_msgs/atwork_bridge_msgs_ros1/install/local_setup.bash'
[1.155s] INFO:colcon.colcon_core.shell:Creating prefix chain script '/home/jasper/atwork_bridge_msgs/atwork_bridge_msgs_ros1/install/setup.bash'
[1.161s] INFO:colcon.colcon_core.shell:Creating prefix script '/home/jasper/atwork_bridge_msgs/atwork_bridge_msgs_ros1/install/local_setup.zsh'
[1.161s] INFO:colcon.colcon_core.shell:Creating prefix chain script '/home/jasper/atwork_bridge_msgs/atwork_bridge_msgs_ros1/install/setup.zsh'
